<?xml version="1.0" encoding="UTF-8"?>
<!-- Generated by org.testng.reporters.JUnitXMLReporter -->
<testsuite ignored="6" hostname="Sneha-Laptop" failures="0" tests="1" name="Default test" time="11.529" errors="0" timestamp="2024-06-27T17:39:40 IST">
  <testcase classname="TestCases.TC_ContactMeTest" name="VerifyPrivacyPolicyFAQ" time="6.314"/>
  <testcase classname="TestCases.TC_ContactMeTest" name="VerifyOurTeam" time="0.0">
    <ignored/>
  </testcase> <!-- VerifyOurTeam -->
  <testcase classname="TestCases.TC_ContactMeTest" name="VerifyContactMeTest" time="0.0">
    <ignored/>
  </testcase> <!-- VerifyContactMeTest -->
  <testcase classname="TestCases.TC_ContactMeTest" name="VerifyResidentialCare" time="0.0">
    <ignored/>
  </testcase> <!-- VerifyResidentialCare -->
  <testcase classname="TestCases.TC_ContactMeTest" name="VerifyTherapyProcess" time="0.0">
    <ignored/>
  </testcase> <!-- VerifyTherapyProcess -->
  <testcase classname="TestCases.TC_ContactMeTest" name="VerifyBestPsychologistInPune" time="0.0">
    <ignored/>
  </testcase> <!-- VerifyBestPsychologistInPune -->
  <testcase classname="TestCases.TC_ContactMeTest" name="VerifyAboutUs" time="0.0">
    <ignored/>
  </testcase> <!-- VerifyAboutUs -->
</testsuite> <!-- Default test -->
