<?xml version="1.0" encoding="UTF-8"?>
<!-- Generated by org.testng.reporters.JUnitXMLReporter -->
<testsuite ignored="6" hostname="Sneha-Laptop" failures="1" tests="1" name="Test" time="4.794" errors="0" timestamp="2024-06-26T08:27:10 IST">
  <testcase classname="TestCases.TC_ContactMeTestDataDrivenTesting" name="VerifyContactMeTest" time="0.0">
    <failure type="org.testng.TestNGException" message="
Method public void TestCases.TC_ContactMeTestDataDrivenTesting.VerifyContactMeTest(java.lang.String,int,java.lang.String) throws java.lang.InterruptedException requires a @DataProvider named : ContactDataProvider">
      <![CDATA[org.testng.TestNGException: 
Method public void TestCases.TC_ContactMeTestDataDrivenTesting.VerifyContactMeTest(java.lang.String,int,java.lang.String) throws java.lang.InterruptedException requires a @DataProvider named : ContactDataProvider
at java.base/java.util.ArrayList.forEach(ArrayList.java:1511)
... Removed 24 stack frames]]>
    </failure>
  </testcase> <!-- VerifyContactMeTest -->
  <testcase classname="TestCases.TC_ContactMeTestDataDrivenTesting" name="VerifyAboutUs" time="0.0">
    <ignored/>
  </testcase> <!-- VerifyAboutUs -->
  <testcase classname="TestCases.TC_ContactMeTestDataDrivenTesting" name="VerifyOurTeam" time="0.0">
    <ignored/>
  </testcase> <!-- VerifyOurTeam -->
  <testcase classname="TestCases.TC_ContactMeTestDataDrivenTesting" name="VerifyTherapyProcess" time="0.0">
    <ignored/>
  </testcase> <!-- VerifyTherapyProcess -->
  <testcase classname="TestCases.TC_ContactMeTestDataDrivenTesting" name="VerifyBestPsychologistInPune" time="0.0">
    <ignored/>
  </testcase> <!-- VerifyBestPsychologistInPune -->
  <testcase classname="TestCases.TC_ContactMeTestDataDrivenTesting" name="VerifyPrivacyPolicyFAQ" time="0.0">
    <ignored/>
  </testcase> <!-- VerifyPrivacyPolicyFAQ -->
  <testcase classname="TestCases.TC_ContactMeTestDataDrivenTesting" name="VerifyResidentialCare" time="0.0">
    <ignored/>
  </testcase> <!-- VerifyResidentialCare -->
</testsuite> <!-- Test -->
