<?xml version="1.0" encoding="UTF-8"?>
<testng-results ignored="0" total="1" passed="1" failed="0" skipped="0">
  <reporter-output>
  </reporter-output>
  <suite started-at="2024-06-27T17:39:28 IST" name="Default suite" finished-at="2024-06-27T17:39:40 IST" duration-ms="11529">
    <groups>
    </groups>
    <test started-at="2024-06-27T17:39:28 IST" name="Default test" finished-at="2024-06-27T17:39:40 IST" duration-ms="11529">
      <class name="TestCases.TC_ContactMeTest">
        <test-method is-config="true" signature="setup()[pri:0, instance:TestCases.TC_ContactMeTest@59402b8f]" started-at="2024-06-27T17:39:28 IST" name="setup" finished-at="2024-06-27T17:39:33 IST" duration-ms="4718" status="PASS">
          <reporter-output>
          </reporter-output>
        </test-method> <!-- setup -->
        <test-method signature="VerifyPrivacyPolicyFAQ()[pri:6, instance:TestCases.TC_ContactMeTest@59402b8f]" started-at="2024-06-27T17:39:33 IST" name="VerifyPrivacyPolicyFAQ" finished-at="2024-06-27T17:39:40 IST" duration-ms="6314" status="PASS">
          <reporter-output>
          </reporter-output>
        </test-method> <!-- VerifyPrivacyPolicyFAQ -->
        <test-method is-config="true" signature="teardown()[pri:0, instance:TestCases.TC_ContactMeTest@59402b8f]" started-at="2024-06-27T17:39:40 IST" name="teardown" finished-at="2024-06-27T17:39:40 IST" duration-ms="435" status="PASS">
          <reporter-output>
          </reporter-output>
        </test-method> <!-- teardown -->
      </class> <!-- TestCases.TC_ContactMeTest -->
    </test> <!-- Default test -->
  </suite> <!-- Default suite -->
</testng-results>
